<?xml version="1.0" encoding="UTF-8"?>
<!-- Generated by org.testng.reporters.JUnitXMLReporter -->
<testsuite ignored="1" hostname="lthai2-8" failures="0" tests="1" name="Surefire test" time="14.292" errors="0" timestamp="2025-08-27T11:16:53 ICT">
  <testcase classname="com.example.playwright.tests.openSourceDemo.LTH_1_Test" name="verifyLoginPageSuccessfully_2" time="4.475"/>
  <testcase classname="com.example.playwright.tests.openSourceDemo.LTH_1_Test" name="verifyLoginPageSuccessfully" time="0.0">
    <ignored/>
  </testcase> <!-- verifyLoginPageSuccessfully -->
</testsuite> <!-- Surefire test -->
