<?xml version="1.0" encoding="UTF-8"?>
<testsuite xmlns:xsi="http://www.w3.org/2001/XMLSchema-instance" xsi:noNamespaceSchemaLocation="https://maven.apache.org/surefire/maven-surefire-plugin/xsd/surefire-test-report-3.0.xsd" version="3.0" name="com.example.playwright.tests.GoogleTest" time="12.962" tests="1" errors="0" skipped="0" failures="0">
  <properties>
[...]
</properties>
  <testcase name="testGoogleSearch" classname="com.example.playwright.tests.GoogleTest" time="4.335">
    <system-out><![CDATA[Playwright created successfully
Total rows: 6
Row 1 Title is: Bookstore
And content: 
Parasoft Bookstore Web service with a database backend. Includes a total of 9 book items.

Endpoint address: http://parabank.parasoft.com:8080/parabank/services/store-01
WSDL : {http://store.parabank.parasoft.com/}Bookstore
Target namespace: http://store.parabank.parasoft.com/
Row 2 Title is: Bookstore (Version 2.0)
And content: 
Parasoft Bookstore Web service with a database backend. Includes a total of 9 book items.

Endpoint address: http://parabank.parasoft.com:8080/parabank/services/store-01V2
WSDL : {http://store.parabank.parasoft.com/}Bookstore
Target namespace: http://store.parabank.parasoft.com/
Row 3 Title is: Bookstore
(WS-Security Username Token)
And content: 
Parasoft Bookstore Web service secured using WS-Security Username Token.
Clients need to authenticate themselves using Username Token.

username:soatest
password:soatest

Endpoint address: http://parabank.parasoft.com:8080/parabank/services/store-wss-01
WSDL : {http://store.parabank.parasoft.com/}Bookstore
Target namespace: http://store.parabank.parasoft.com/
Row 4 Title is: Bookstore
(WS-Security Signature)
And content: 
Parasoft Bookstore Web service secured using WS-Security Signature.
Clients need to sign the SOAP Body using the key store soatest.pfx

key store password: security
certificate alias: soatest
private key alias: soatest
algorithm: RSA

Responses have the SOAP Body signed using the same certificate.

Endpoint address: http://parabank.parasoft.com:8080/parabank/services/store-wss-02
WSDL : {http://store.parabank.parasoft.com/}Bookstore
Target namespace: http://store.parabank.parasoft.com/
Row 5 Title is: Bookstore
(WS-Security Encryption)
And content: 
Parasoft Bookstore Web service secured using WS-Security Encryption.
Clients need to encrypt the SOAP Body using the key store soatest.pfx

key store password: security
public key alias: soatest

Responses have the SOAP Body encrypted using the same key.

Endpoint address: http://parabank.parasoft.com:8080/parabank/services/store-wss-03
WSDL : {http://store.parabank.parasoft.com/}Bookstore
Target namespace: http://store.parabank.parasoft.com/
Row 6 Title is: Bookstore
(WS-Security Signature and Encryption)
And content: 
Parasoft Bookstore Web service secured using WS-Security Signature and Encryption.
Clients need to sign, then encrypt the SOAP Body using the key store soatest.pfx

key store password: security
key alias: soatest

Responses have the SOAP Body signed, then encrypted using the same key

Endpoint address: http://parabank.parasoft.com:8080/parabank/services/store-wss-04
WSDL : {http://store.parabank.parasoft.com/}Bookstore
Target namespace: http://store.parabank.parasoft.com/
]]></system-out>
  </testcase>
</testsuite>