<?xml version="1.0" encoding="UTF-8"?>
<testng-results ignored="0" total="1" passed="1" failed="0" skipped="0">
  <reporter-output>
  </reporter-output>
  <suite started-at="2025-08-27T11:16:39 ICT" name="Surefire suite" finished-at="2025-08-27T11:16:53 ICT" duration-ms="14292">
    <groups>
    </groups>
    <test started-at="2025-08-27T11:16:39 ICT" name="Surefire test" finished-at="2025-08-27T11:16:53 ICT" duration-ms="14292">
      <class name="com.example.playwright.tests.openSourceDemo.LTH_1_Test">
        <test-method is-config="true" signature="setUp()[pri:0, instance:com.example.playwright.tests.openSourceDemo.LTH_1_Test@52af26ee]" started-at="2025-08-27T11:16:39 ICT" name="setUp" finished-at="2025-08-27T11:16:48 ICT" duration-ms="9372" status="PASS">
          <reporter-output>
          </reporter-output>
        </test-method> <!-- setUp -->
        <test-method signature="verifyLoginPageSuccessfully_2()[pri:0, instance:com.example.playwright.tests.openSourceDemo.LTH_1_Test@52af26ee]" started-at="2025-08-27T11:16:49 ICT" name="verifyLoginPageSuccessfully_2" description="Login test with screenshot and logs" finished-at="2025-08-27T11:16:53 ICT" duration-ms="4475" status="PASS">
          <reporter-output>
          </reporter-output>
        </test-method> <!-- verifyLoginPageSuccessfully_2 -->
        <test-method is-config="true" signature="tearDown()[pri:0, instance:com.example.playwright.tests.openSourceDemo.LTH_1_Test@52af26ee]" started-at="2025-08-27T11:16:53 ICT" name="tearDown" finished-at="2025-08-27T11:16:53 ICT" duration-ms="349" status="PASS">
          <reporter-output>
          </reporter-output>
        </test-method> <!-- tearDown -->
      </class> <!-- com.example.playwright.tests.openSourceDemo.LTH_1_Test -->
    </test> <!-- Surefire test -->
  </suite> <!-- Surefire suite -->
</testng-results>
